<?xml version="1.0" encoding="UTF-8"?>
<!-- Generated by org.testng.reporters.JUnitReportReporter -->
<testsuite hostname="LAPTOP-69PVCUGI" name="ask.tests.SubmissionsTest" tests="1" failures="0" timestamp="21 Mar 2020 00:46:16 GMT" time="17.350" errors="0">
  <testcase name="verifySubmissionDisplayed" time="17.350" classname="ask.tests.SubmissionsTest"/>
</testsuite> <!-- ask.tests.SubmissionsTest -->
