<?xml version="1.0" encoding="UTF-8"?>
<!-- Generated by org.testng.reporters.JUnitReportReporter -->
<testsuite hostname="LAPTOP-69PVCUGI" name="ask.tests.QuizBuilderTest" tests="1" failures="0" timestamp="4 Mar 2020 13:17:32 GMT" time="23.557" errors="0">
  <testcase name="createNewQuizTest" time="23.557" classname="ask.tests.QuizBuilderTest"/>
</testsuite> <!-- ask.tests.QuizBuilderTest -->
