<?xml version="1.0" encoding="UTF-8"?>
<!-- Generated by org.testng.reporters.JUnitReportReporter -->
<testsuite hostname="LAPTOP-69PVCUGI" name="ask.tests.SubmissionsTest" tests="1" failures="0" timestamp="22 Mar 2020 00:34:20 GMT" time="17.427" errors="0">
  <testcase name="verifySubmissionDisplayed" time="17.427" classname="ask.tests.SubmissionsTest"/>
</testsuite> <!-- ask.tests.SubmissionsTest -->
