<?xml version="1.0" encoding="UTF-8"?>
<!-- Generated by org.testng.reporters.JUnitReportReporter -->
<testsuite hostname="LAPTOP-69PVCUGI" name="ask.tests.GradeTest" tests="1" failures="0" timestamp="27 Mar 2020 17:18:30 GMT" time="19.572" errors="0">
  <testcase name="verifyStudentCanBeGraded" time="19.572" classname="ask.tests.GradeTest"/>
</testsuite> <!-- ask.tests.GradeTest -->
