<?xml version="1.0" encoding="UTF-8"?>
<!-- Generated by org.testng.reporters.JUnitReportReporter -->
<testsuite hostname="LAPTOP-69PVCUGI" name="ask.tests.StudentHomePageTest" tests="1" failures="0" timestamp="28 Mar 2020 21:32:34 GMT" time="14.346" errors="0">
  <testcase name="verifyStudentCanLogOut" time="14.346" classname="ask.tests.StudentHomePageTest"/>
</testsuite> <!-- ask.tests.StudentHomePageTest -->
