<?xml version="1.0" encoding="UTF-8"?>
<!-- Generated by org.testng.reporters.JUnitReportReporter -->
<testsuite hostname="LAPTOP-69PVCUGI" name="ask.tests.AssignmentsTest" tests="1" failures="0" timestamp="18 Mar 2020 04:47:05 GMT" time="35.074" errors="0">
  <testcase name="deleteAllAssignments" time="35.074" classname="ask.tests.AssignmentsTest"/>
</testsuite> <!-- ask.tests.AssignmentsTest -->
