<?xml version="1.0" encoding="UTF-8"?>
<!-- Generated by org.testng.reporters.JUnitReportReporter -->
<testsuite hostname="LAPTOP-69PVCUGI" name="ask.tests.ListOfQuizzesTest" tests="1" failures="0" timestamp="18 Mar 2020 04:50:45 GMT" time="21.032" errors="0">
  <testcase name="verifyAllQuizzesCanBeDeleted" time="21.032" classname="ask.tests.ListOfQuizzesTest"/>
</testsuite> <!-- ask.tests.ListOfQuizzesTest -->
