<?xml version="1.0" encoding="UTF-8"?>
<!-- Generated by org.testng.reporters.JUnitReportReporter -->
<testsuite hostname="LAPTOP-69PVCUGI" name="selenium.Exls_Creater" tests="1" failures="0" timestamp="6 Apr 2020 20:08:00 GMT" time="0.563" errors="0">
  <testcase name="getData" time="0.563" classname="selenium.Exls_Creater"/>
</testsuite> <!-- selenium.Exls_Creater -->
