<?xml version="1.0" encoding="UTF-8"?>
<!-- Generated by org.testng.reporters.JUnitReportReporter -->
<testsuite hostname="LAPTOP-69PVCUGI" name="ask.tests.QuizBuilderTest" tests="1" failures="0" timestamp="21 Mar 2020 01:37:19 GMT" time="33.339" errors="0">
  <testcase name="createNewQuizTest" time="33.339" classname="ask.tests.QuizBuilderTest"/>
</testsuite> <!-- ask.tests.QuizBuilderTest -->
