<?xml version="1.0" encoding="UTF-8"?>
<!-- Generated by org.testng.reporters.JUnitReportReporter -->
<testsuite hostname="LAPTOP-69PVCUGI" name="ask.tests.ListOfQuizzesTest" tests="1" failures="0" timestamp="4 Mar 2020 03:16:38 GMT" time="19.055" errors="0">
  <testcase name="verifyQuizBuiderPageUrl" time="19.055" classname="ask.tests.ListOfQuizzesTest"/>
</testsuite> <!-- ask.tests.ListOfQuizzesTest -->
