<?xml version="1.0" encoding="UTF-8"?>
<!-- Generated by org.testng.reporters.JUnitReportReporter -->
<testsuite hostname="LAPTOP-69PVCUGI" name="ask.util.Util" tests="1" failures="0" timestamp="15 Apr 2020 23:30:19 GMT" time="0.016" errors="0">
  <testcase name="convertCelsiusToFahrenheit" time="0.016" classname="ask.util.Util"/>
</testsuite> <!-- ask.util.Util -->
