<?xml version="1.0" encoding="UTF-8"?>
<!-- Generated by org.testng.reporters.JUnitReportReporter -->
<testsuite hostname="LAPTOP-69PVCUGI" name="ask.tests.LoginTest" tests="3" failures="0" timestamp="28 Mar 2020 20:13:56 GMT" time="38.722" errors="0">
  <testcase name="loginAsTeacherTC" time="12.834" classname="ask.tests.LoginTest"/>
  <testcase name="loginAsTeacherTC" time="12.636" classname="ask.tests.LoginTest"/>
  <testcase name="loginAsTeacherTC" time="13.252" classname="ask.tests.LoginTest"/>
</testsuite> <!-- ask.tests.LoginTest -->
