<?xml version="1.0" encoding="UTF-8"?>
<!-- Generated by org.testng.reporters.JUnitReportReporter -->
<testsuite hostname="LAPTOP-69PVCUGI" name="ask.tests.AssignQuizTest" tests="1" failures="0" timestamp="18 Mar 2020 04:54:32 GMT" time="19.514" errors="0">
  <testcase name="assignQuizTC" time="19.514" classname="ask.tests.AssignQuizTest"/>
</testsuite> <!-- ask.tests.AssignQuizTest -->
