<?xml version="1.0" encoding="UTF-8"?>
<!-- Generated by org.testng.reporters.JUnitReportReporter -->
<testsuite hostname="LAPTOP-69PVCUGI" name="ask.tests.UsersManagementTest" tests="1" failures="0" timestamp="21 Mar 2020 01:55:28 GMT" time="14.373" errors="0">
  <testcase name="verifyUserDisplayed" time="14.373" classname="ask.tests.UsersManagementTest"/>
</testsuite> <!-- ask.tests.UsersManagementTest -->
