<?xml version="1.0" encoding="UTF-8"?>
<!-- Generated by org.testng.reporters.JUnitReportReporter -->
<testsuite hostname="LAPTOP-69PVCUGI" name="ask.tests.QuizBuilderTest" tests="1" failures="0" timestamp="16 Mar 2020 19:16:34 GMT" time="26.608" errors="0">
  <testcase name="createNewQuizTest" time="26.608" classname="ask.tests.QuizBuilderTest"/>
</testsuite> <!-- ask.tests.QuizBuilderTest -->
