<?xml version="1.0" encoding="UTF-8"?>
<!-- Generated by org.testng.reporters.JUnitReportReporter -->
<testsuite hostname="LAPTOP-69PVCUGI" name="ask.tests.TestNG" tests="1" failures="0" timestamp="16 Mar 2020 22:35:47 GMT" time="0.013" errors="0">
  <testcase name="t3" time="0.013" classname="ask.tests.TestNG"/>
</testsuite> <!-- ask.tests.TestNG -->
