<?xml version="1.0" encoding="UTF-8"?>
<!-- Generated by org.testng.reporters.JUnitReportReporter -->
<testsuite hostname="LAPTOP-69PVCUGI" name="ask.tests.AssignQuizTest" tests="1" failures="0" timestamp="9 Mar 2020 23:51:56 GMT" time="33.680" errors="0">
  <testcase name="assignQuizTC" time="33.680" classname="ask.tests.AssignQuizTest"/>
</testsuite> <!-- ask.tests.AssignQuizTest -->
