<?xml version="1.0" encoding="UTF-8"?>
<!-- Generated by org.testng.reporters.JUnitReportReporter -->
<testsuite hostname="LAPTOP-69PVCUGI" name="ask.tests.TeacherHomePageTest" tests="1" failures="0" timestamp="5 Mar 2020 16:00:10 GMT" time="15.512" errors="0">
  <testcase name="verifyListOfQuizzesPageUrl" time="15.512" classname="ask.tests.TeacherHomePageTest"/>
</testsuite> <!-- ask.tests.TeacherHomePageTest -->
