<?xml version="1.0" encoding="UTF-8"?>
<!-- Generated by org.testng.reporters.JUnitReportReporter -->
<testsuite hostname="LAPTOP-69PVCUGI" name="ask.tests.UserDetailsTests" tests="1" failures="0" timestamp="15 Feb 2020 16:40:31 GMT" time="14.566" errors="0">
  <testcase name="convertStudentToTeacherTest_658" time="14.566" classname="ask.tests.UserDetailsTests"/>
</testsuite> <!-- ask.tests.UserDetailsTests -->
