<?xml version="1.0" encoding="UTF-8"?>
<!-- Generated by org.testng.reporters.JUnitReportReporter -->
<testsuite hostname="LAPTOP-69PVCUGI" name="ask.tests.TestNG" tests="5" failures="0" timestamp="16 Mar 2020 23:55:34 GMT" time="0.013" errors="0">
  <testcase name="t4" time="0.001" classname="ask.tests.TestNG"/>
  <testcase name="t3" time="0.002" classname="ask.tests.TestNG"/>
  <testcase name="t5" time="0.004" classname="ask.tests.TestNG"/>
  <testcase name="t2" time="0.001" classname="ask.tests.TestNG"/>
  <testcase name="t1" time="0.005" classname="ask.tests.TestNG"/>
</testsuite> <!-- ask.tests.TestNG -->
