<?xml version="1.0" encoding="UTF-8"?>
<!-- Generated by org.testng.reporters.JUnitReportReporter -->
<testsuite hostname="LAPTOP-69PVCUGI" name="ask.tests.QuizBuilderTest" tests="1" failures="0" timestamp="5 Mar 2020 14:58:22 GMT" time="26.676" errors="0">
  <testcase name="createNewQuizTest" time="26.676" classname="ask.tests.QuizBuilderTest"/>
</testsuite> <!-- ask.tests.QuizBuilderTest -->
