<?xml version="1.0" encoding="UTF-8"?>
<!-- Generated by org.testng.reporters.JUnitReportReporter -->
<testsuite hostname="LAPTOP-69PVCUGI" name="ask.tests.AssignQuizTest" tests="1" failures="0" timestamp="18 Mar 2020 00:24:58 GMT" time="20.959" errors="0">
  <testcase name="assignQuizTC" time="20.959" classname="ask.tests.AssignQuizTest"/>
</testsuite> <!-- ask.tests.AssignQuizTest -->
