<?xml version="1.0" encoding="UTF-8"?>
<!-- Generated by org.testng.reporters.JUnitReportReporter -->
<testsuite hostname="LAPTOP-69PVCUGI" name="ask.tests.LoginTests" tests="3" failures="0" timestamp="27 Feb 2020 17:19:08 GMT" time="38.334" errors="0">
  <testcase name="loginAsTeacherTC" time="12.459" classname="ask.tests.LoginTests"/>
  <testcase name="loginAsTeacherTC" time="12.229" classname="ask.tests.LoginTests"/>
  <testcase name="loginAsTeacherTC" time="13.646" classname="ask.tests.LoginTests"/>
</testsuite> <!-- ask.tests.LoginTests -->
