<?xml version="1.0" encoding="UTF-8"?>
<!-- Generated by org.testng.reporters.JUnitReportReporter -->
<testsuite hostname="LAPTOP-69PVCUGI" name="ask.tests.LoginTests" tests="4" failures="0" timestamp="18 Mar 2020 00:10:14 GMT" time="65.514" errors="0">
  <testcase name="loginAsTeacherTC" time="14.758" classname="ask.tests.LoginTests"/>
  <testcase name="loginAsTeacherTC" time="14.209" classname="ask.tests.LoginTests"/>
  <testcase name="loginAsTeacherTC" time="15.201" classname="ask.tests.LoginTests"/>
  <testcase name="loginAsStudentTC" time="21.346" classname="ask.tests.LoginTests"/>
</testsuite> <!-- ask.tests.LoginTests -->
