<?xml version="1.0" encoding="UTF-8"?>
<!-- Generated by org.testng.reporters.JUnitReportReporter -->
<testsuite hostname="LAPTOP-69PVCUGI" name="ask.tests.MyAssignmentTest" tests="1" failures="0" timestamp="10 Mar 2020 15:10:47 GMT" time="20.830" errors="0">
  <testcase name="completeAssignment" time="20.830" classname="ask.tests.MyAssignmentTest"/>
</testsuite> <!-- ask.tests.MyAssignmentTest -->
