<?xml version="1.0" encoding="UTF-8"?>
<!-- Generated by org.testng.reporters.JUnitReportReporter -->
<testsuite hostname="LAPTOP-69PVCUGI" name="ask.tests.RegistrationTest" tests="1" failures="0" timestamp="18 Mar 2020 01:06:17 GMT" time="41.852" errors="0">
  <testcase name="setUp" time="41.852" classname="ask.tests.RegistrationTest"/>
</testsuite> <!-- ask.tests.RegistrationTest -->
