<?xml version="1.0" encoding="UTF-8"?>
<!-- Generated by org.testng.reporters.JUnitReportReporter -->
<testsuite hostname="LAPTOP-69PVCUGI" name="ask.tests.QuizBuilderTest" tests="1" failures="0" timestamp="18 Mar 2020 04:54:32 GMT" time="32.758" errors="0">
  <testcase name="createNewQuizTest" time="32.758" classname="ask.tests.QuizBuilderTest"/>
</testsuite> <!-- ask.tests.QuizBuilderTest -->
