<?xml version="1.0" encoding="UTF-8"?>
<!-- Generated by org.testng.reporters.JUnitReportReporter -->
<testsuite hostname="LAPTOP-69PVCUGI" name="ask.tests.UserDetailsTests" tests="1" failures="0" timestamp="14 Feb 2020 01:09:22 GMT" time="12.072" errors="0">
  <testcase name="convertStudentToTeacherTest_658" time="12.072" classname="ask.tests.UserDetailsTests"/>
</testsuite> <!-- ask.tests.UserDetailsTests -->
