<?xml version="1.0" encoding="UTF-8"?>
<!-- Generated by org.testng.reporters.JUnitReportReporter -->
<testsuite hostname="LAPTOP-69PVCUGI" name="ask.tests.RegistrationTest" tests="9" failures="0" timestamp="15 Apr 2020 01:57:37 GMT" time="84.748" errors="0">
  <testcase name="registration" time="8.940" classname="ask.tests.RegistrationTest"/>
  <testcase name="registration" time="10.162" classname="ask.tests.RegistrationTest"/>
  <testcase name="registration" time="9.016" classname="ask.tests.RegistrationTest"/>
  <testcase name="registration" time="9.277" classname="ask.tests.RegistrationTest"/>
  <testcase name="registration" time="10.915" classname="ask.tests.RegistrationTest"/>
  <testcase name="registration" time="8.964" classname="ask.tests.RegistrationTest"/>
  <testcase name="registration" time="8.983" classname="ask.tests.RegistrationTest"/>
  <testcase name="registration" time="9.168" classname="ask.tests.RegistrationTest"/>
  <testcase name="registration" time="9.323" classname="ask.tests.RegistrationTest"/>
</testsuite> <!-- ask.tests.RegistrationTest -->
