<?xml version="1.0" encoding="UTF-8"?>
<!-- Generated by org.testng.reporters.JUnitReportReporter -->
<testsuite hostname="LAPTOP-69PVCUGI" name="ask.tests.LoginTests" tests="3" failures="0" timestamp="13 Feb 2020 05:57:44 GMT" time="30.998" errors="0">
  <testcase name="loginTC" time="12.794" classname="ask.tests.LoginTests"/>
  <testcase name="loginTC" time="9.615" classname="ask.tests.LoginTests"/>
  <testcase name="loginTC" time="8.589" classname="ask.tests.LoginTests"/>
</testsuite> <!-- ask.tests.LoginTests -->
