<?xml version="1.0" encoding="UTF-8"?>
<!-- Generated by org.testng.reporters.JUnitReportReporter -->
<testsuite hostname="LAPTOP-69PVCUGI" name="ask.util.Util" tests="1" failures="0" timestamp="3 Apr 2020 03:46:07 GMT" time="18.483" errors="0">
  <testcase name="findBrokenLinks" time="18.483" classname="ask.util.Util"/>
</testsuite> <!-- ask.util.Util -->
