<?xml version="1.0" encoding="UTF-8"?>
<!-- Generated by org.testng.reporters.JUnitReportReporter -->
<testsuite hostname="LAPTOP-69PVCUGI" name="ask.tests.LoginTest" tests="1" failures="0" timestamp="17 Apr 2020 19:27:46 GMT" time="13.926" errors="0">
  <testcase name="loginAsTeacher" time="13.926" classname="ask.tests.LoginTest"/>
</testsuite> <!-- ask.tests.LoginTest -->
