<?xml version="1.0" encoding="UTF-8"?>
<!-- Generated by org.testng.reporters.JUnitReportReporter -->
<testsuite hostname="LAPTOP-69PVCUGI" name="ask.tests.Groups2" tests="1" failures="0" timestamp="18 Mar 2020 20:02:39 GMT" time="0.013" errors="0">
  <testcase name="test1" time="0.013" classname="ask.tests.Groups2"/>
</testsuite> <!-- ask.tests.Groups2 -->
