<?xml version="1.0" encoding="UTF-8"?>
<!-- Generated by org.testng.reporters.JUnitReportReporter -->
<testsuite hostname="LAPTOP-69PVCUGI" name="ask.tests.LoginTest" tests="4" failures="0" timestamp="18 Mar 2020 04:54:32 GMT" time="67.395" errors="0">
  <testcase name="loginAsTeacherTC" time="15.801" classname="ask.tests.LoginTest"/>
  <testcase name="loginAsStudentTC" time="19.757" classname="ask.tests.LoginTest"/>
  <testcase name="loginAsTeacherTC" time="16.712" classname="ask.tests.LoginTest"/>
  <testcase name="loginAsTeacherTC" time="15.125" classname="ask.tests.LoginTest"/>
</testsuite> <!-- ask.tests.LoginTest -->
