<?xml version="1.0" encoding="UTF-8"?>
<!-- Generated by org.testng.reporters.JUnitReportReporter -->
<testsuite hostname="LAPTOP-69PVCUGI" name="ask.tests.UserDetailsTest" tests="1" failures="0" timestamp="21 Mar 2020 02:47:29 GMT" time="18.580" errors="0">
  <testcase name="verifyStudentCanBeDeleted" time="18.580" classname="ask.tests.UserDetailsTest"/>
</testsuite> <!-- ask.tests.UserDetailsTest -->
