<?xml version="1.0" encoding="UTF-8"?>
<!-- Generated by org.testng.reporters.JUnitReportReporter -->
<testsuite hostname="LAPTOP-69PVCUGI" name="ask.tests.UserDetailsTest" tests="1" failures="0" timestamp="22 Mar 2020 00:28:30 GMT" time="19.843" errors="0">
  <testcase name="convertStudentToTeacherTest_658" time="19.843" classname="ask.tests.UserDetailsTest"/>
</testsuite> <!-- ask.tests.UserDetailsTest -->
