<?xml version="1.0" encoding="UTF-8"?>
<!-- Generated by org.testng.reporters.JUnitReportReporter -->
<testsuite hostname="LAPTOP-69PVCUGI" name="ask.util.SeleniumTest" tests="1" failures="0" timestamp="3 Apr 2020 16:12:44 GMT" time="15.098" errors="0">
  <testcase name="findBrokenLinks" time="15.098" classname="ask.util.SeleniumTest"/>
</testsuite> <!-- ask.util.SeleniumTest -->
