<?xml version="1.0" encoding="UTF-8"?>
<!-- Generated by org.testng.reporters.JUnitReportReporter -->
<testsuite hostname="LAPTOP-69PVCUGI" name="ask.tests.AssessmentTest" tests="1" failures="0" timestamp="21 Mar 2020 01:26:31 GMT" time="21.432" errors="0">
  <testcase name="completeAssignment1" time="21.432" classname="ask.tests.AssessmentTest"/>
</testsuite> <!-- ask.tests.AssessmentTest -->
