<?xml version="1.0" encoding="UTF-8"?>
<!-- Generated by org.testng.reporters.JUnitReportReporter -->
<testsuite hostname="LAPTOP-69PVCUGI" name="ask.tests.RegistrationTest" tests="1" failures="0" timestamp="22 Mar 2020 00:16:01 GMT" time="52.161" errors="0">
  <testcase name="setUp" time="52.161" classname="ask.tests.RegistrationTest"/>
</testsuite> <!-- ask.tests.RegistrationTest -->
