<?xml version="1.0" encoding="UTF-8"?>
<!-- Generated by org.testng.reporters.JUnitReportReporter -->
<testsuite hostname="LAPTOP-69PVCUGI" name="ask.tests.AssignmentsTest" tests="1" failures="0" timestamp="22 Mar 2020 01:36:12 GMT" time="29.442" errors="0">
  <testcase name="deleteAllAssignments" time="29.442" classname="ask.tests.AssignmentsTest"/>
</testsuite> <!-- ask.tests.AssignmentsTest -->
