<?xml version="1.0" encoding="UTF-8"?>
<!-- Generated by org.testng.reporters.JUnitReportReporter -->
<testsuite hostname="LAPTOP-69PVCUGI" name="ask.tests.LoginTest" tests="3" failures="0" timestamp="25 Mar 2020 01:58:15 GMT" time="23.622" errors="0">
  <testcase name="loginAsTeacherTC" time="7.878" classname="ask.tests.LoginTest"/>
  <testcase name="loginAsTeacherTC" time="8.226" classname="ask.tests.LoginTest"/>
  <testcase name="loginAsTeacherTC" time="7.518" classname="ask.tests.LoginTest"/>
</testsuite> <!-- ask.tests.LoginTest -->
