<?xml version="1.0" encoding="UTF-8"?>
<!-- Generated by org.testng.reporters.JUnitReportReporter -->
<testsuite hostname="LAPTOP-69PVCUGI" name="ask.tests.GradeTest" tests="1" failures="0" timestamp="25 Mar 2020 00:42:11 GMT" time="19.719" errors="0">
  <testcase name="verifyStudentCanBeGraded" time="19.719" classname="ask.tests.GradeTest"/>
</testsuite> <!-- ask.tests.GradeTest -->
