<?xml version="1.0" encoding="UTF-8"?>
<!-- Generated by org.testng.reporters.JUnitReportReporter -->
<testsuite hostname="LAPTOP-69PVCUGI" name="ask.tests.Regression" tests="4" failures="0" timestamp="16 Mar 2020 22:35:11 GMT" time="0.010" errors="0">
  <testcase name="t5" time="0.001" classname="ask.tests.Regression"/>
  <testcase name="t4" time="0.006" classname="ask.tests.Regression"/>
  <testcase name="t1" time="0.001" classname="ask.tests.Regression"/>
  <testcase name="t2" time="0.002" classname="ask.tests.Regression"/>
</testsuite> <!-- ask.tests.Regression -->
