<?xml version="1.0" encoding="UTF-8"?>
<!-- Generated by org.testng.reporters.JUnitReportReporter -->
<testsuite hostname="LAPTOP-69PVCUGI" name="ask.tests.ListOfQuizzesTest" tests="2" failures="0" timestamp="5 Mar 2020 16:00:10 GMT" time="28.814" errors="0">
  <testcase name="verifyQuizBuiderPageUrl" time="14.023" classname="ask.tests.ListOfQuizzesTest"/>
  <testcase name="verifyQuizName" time="14.791" classname="ask.tests.ListOfQuizzesTest"/>
</testsuite> <!-- ask.tests.ListOfQuizzesTest -->
