<?xml version="1.0" encoding="UTF-8"?>
<!-- Generated by org.testng.reporters.JUnitReportReporter -->
<testsuite hostname="LAPTOP-69PVCUGI" name="ask.tests.Acceptance" tests="1" failures="0" timestamp="16 Mar 2020 22:35:11 GMT" time="0.009" errors="0">
  <testcase name="t1" time="0.009" classname="ask.tests.Acceptance"/>
</testsuite> <!-- ask.tests.Acceptance -->
