<?xml version="1.0" encoding="UTF-8"?>
<!-- Generated by org.testng.reporters.JUnitReportReporter -->
<testsuite hostname="LAPTOP-69PVCUGI" name="ask.tests.StudentHomePageTest" tests="1" failures="1" timestamp="27 Mar 2020 19:19:41 GMT" time="0.001" errors="0">
  <testcase name="verifyStudentCanCheckGrades" time="0.001" classname="ask.tests.StudentHomePageTest">
    <failure type="org.openqa.selenium.SessionNotCreatedException" message="session not created
from chrome not reachable
  (Session info: chrome=80.0.3987.149)
Build info: version: &#039;3.141.59&#039;, revision: &#039;e82be7d358&#039;, time: &#039;2018-11-14T08:17:03&#039;
System info: host: &#039;LAPTOP-69PVCUGI&#039;, ip: &#039;10.0.0.2&#039;, os.name: &#039;Windows 10&#039;, os.arch: &#039;amd64&#039;, os.version: &#039;10.0&#039;, java.version: &#039;1.8.0_211&#039;
Driver info: driver.version: ChromeDriver
remote stacktrace: Backtrace:
	Ordinal0 [0x00BDA113+1548563]
	Ordinal0 [0x00B5DDA1+1039777]
	Ordinal0 [0x00ADE32E+516910]
	Ordinal0 [0x00AD8012+491538]
	Ordinal0 [0x00AD86EB+493291]
	Ordinal0 [0x00AD9855+497749]
	Ordinal0 [0x00AD5885+481413]
	Ordinal0 [0x00ADF0D0+520400]
	Ordinal0 [0x00A8C030+180272]
	Ordinal0 [0x00A8B59D+177565]
	Ordinal0 [0x00A895FB+169467]
	Ordinal0 [0x00A7160A+71178]
	Ordinal0 [0x00A72690+75408]
	Ordinal0 [0x00A72629+75305]
	Ordinal0 [0x00B771B7+1143223]
	GetHandleVerifier [0x00C72B46+507814]
	GetHandleVerifier [0x00C72864+507076]
	GetHandleVerifier [0x00C79F47+537511]
	GetHandleVerifier [0x00C73402+510050]
	Ordinal0 [0x00B6F29C+1110684]
	Ordinal0 [0x00B7938B+1151883]
	Ordinal0 [0x00B794F3+1152243]
	Ordinal0 [0x00B783F5+1147893]
	BaseThreadInitThunk [0x761F6359+25]
	RtlGetAppContainerNamedObjectPath [0x77E67B74+228]
	RtlGetAppContainerNamedObjectPath [0x77E67B44+180]
">
      <![CDATA[org.openqa.selenium.SessionNotCreatedException: session not created
from chrome not reachable
  (Session info: chrome=80.0.3987.149)
Build info: version: '3.141.59', revision: 'e82be7d358', time: '2018-11-14T08:17:03'
System info: host: 'LAPTOP-69PVCUGI', ip: '10.0.0.2', os.name: 'Windows 10', os.arch: 'amd64', os.version: '10.0', java.version: '1.8.0_211'
Driver info: driver.version: ChromeDriver
remote stacktrace: Backtrace:
	Ordinal0 [0x00BDA113+1548563]
	Ordinal0 [0x00B5DDA1+1039777]
	Ordinal0 [0x00ADE32E+516910]
	Ordinal0 [0x00AD8012+491538]
	Ordinal0 [0x00AD86EB+493291]
	Ordinal0 [0x00AD9855+497749]
	Ordinal0 [0x00AD5885+481413]
	Ordinal0 [0x00ADF0D0+520400]
	Ordinal0 [0x00A8C030+180272]
	Ordinal0 [0x00A8B59D+177565]
	Ordinal0 [0x00A895FB+169467]
	Ordinal0 [0x00A7160A+71178]
	Ordinal0 [0x00A72690+75408]
	Ordinal0 [0x00A72629+75305]
	Ordinal0 [0x00B771B7+1143223]
	GetHandleVerifier [0x00C72B46+507814]
	GetHandleVerifier [0x00C72864+507076]
	GetHandleVerifier [0x00C79F47+537511]
	GetHandleVerifier [0x00C73402+510050]
	Ordinal0 [0x00B6F29C+1110684]
	Ordinal0 [0x00B7938B+1151883]
	Ordinal0 [0x00B794F3+1152243]
	Ordinal0 [0x00B783F5+1147893]
	BaseThreadInitThunk [0x761F6359+25]
	RtlGetAppContainerNamedObjectPath [0x77E67B74+228]
	RtlGetAppContainerNamedObjectPath [0x77E67B44+180]

	at sun.reflect.NativeConstructorAccessorImpl.newInstance0(Native Method)
	at sun.reflect.NativeConstructorAccessorImpl.newInstance(Unknown Source)
	at sun.reflect.DelegatingConstructorAccessorImpl.newInstance(Unknown Source)
	at java.lang.reflect.Constructor.newInstance(Unknown Source)
	at org.openqa.selenium.remote.W3CHandshakeResponse.lambda$errorHandler$0(W3CHandshakeResponse.java:62)
	at org.openqa.selenium.remote.HandshakeResponse.lambda$getResponseFunction$0(HandshakeResponse.java:30)
	at org.openqa.selenium.remote.ProtocolHandshake.lambda$createSession$0(ProtocolHandshake.java:126)
	at java.util.stream.ReferencePipeline$3$1.accept(Unknown Source)
	at java.util.Spliterators$ArraySpliterator.tryAdvance(Unknown Source)
	at java.util.stream.ReferencePipeline.forEachWithCancel(Unknown Source)
	at java.util.stream.AbstractPipeline.copyIntoWithCancel(Unknown Source)
	at java.util.stream.AbstractPipeline.copyInto(Unknown Source)
	at java.util.stream.AbstractPipeline.wrapAndCopyInto(Unknown Source)
	at java.util.stream.FindOps$FindOp.evaluateSequential(Unknown Source)
	at java.util.stream.AbstractPipeline.evaluate(Unknown Source)
	at java.util.stream.ReferencePipeline.findFirst(Unknown Source)
	at org.openqa.selenium.remote.ProtocolHandshake.createSession(ProtocolHandshake.java:128)
	at org.openqa.selenium.remote.ProtocolHandshake.createSession(ProtocolHandshake.java:74)
	at org.openqa.selenium.remote.HttpCommandExecutor.execute(HttpCommandExecutor.java:136)
	at org.openqa.selenium.remote.service.DriverCommandExecutor.execute(DriverCommandExecutor.java:83)
	at org.openqa.selenium.remote.RemoteWebDriver.execute(RemoteWebDriver.java:552)
	at org.openqa.selenium.remote.RemoteWebDriver.startSession(RemoteWebDriver.java:213)
	at org.openqa.selenium.remote.RemoteWebDriver.<init>(RemoteWebDriver.java:131)
	at org.openqa.selenium.chrome.ChromeDriver.<init>(ChromeDriver.java:181)
	at org.openqa.selenium.chrome.ChromeDriver.<init>(ChromeDriver.java:168)
	at org.openqa.selenium.chrome.ChromeDriver.<init>(ChromeDriver.java:123)
	at ask.base.Base.browserInit(Base.java:37)
	at ask.tests.LoginTest.setUp(LoginTest.java:29)
	at sun.reflect.NativeMethodAccessorImpl.invoke0(Native Method)
	at sun.reflect.NativeMethodAccessorImpl.invoke(Unknown Source)
	at sun.reflect.DelegatingMethodAccessorImpl.invoke(Unknown Source)
	at java.lang.reflect.Method.invoke(Unknown Source)
	at org.testng.internal.MethodInvocationHelper.invokeMethod(MethodInvocationHelper.java:80)
	at org.testng.internal.Invoker.invokeConfigurationMethod(Invoker.java:564)
	at org.testng.internal.Invoker.invokeConfigurations(Invoker.java:213)
	at org.testng.internal.Invoker.invokeMethod(Invoker.java:653)
	at org.testng.internal.Invoker.invokeTestMethod(Invoker.java:901)
	at org.testng.internal.Invoker.invokeTestMethods(Invoker.java:1231)
	at org.testng.internal.TestMethodWorker.invokeTestMethods(TestMethodWorker.java:127)
	at org.testng.internal.TestMethodWorker.run(TestMethodWorker.java:111)
	at org.testng.TestRunner.privateRun(TestRunner.java:767)
	at org.testng.TestRunner.run(TestRunner.java:617)
	at org.testng.SuiteRunner.runTest(SuiteRunner.java:334)
	at org.testng.SuiteRunner.runSequentially(SuiteRunner.java:329)
	at org.testng.SuiteRunner.privateRun(SuiteRunner.java:291)
	at org.testng.SuiteRunner.run(SuiteRunner.java:240)
	at org.testng.SuiteRunnerWorker.runSuite(SuiteRunnerWorker.java:52)
	at org.testng.SuiteRunnerWorker.run(SuiteRunnerWorker.java:86)
	at org.testng.TestNG.runSuitesSequentially(TestNG.java:1198)
	at org.testng.TestNG.runSuitesLocally(TestNG.java:1123)
	at org.testng.TestNG.run(TestNG.java:1031)
	at org.testng.remote.RemoteTestNG.run(RemoteTestNG.java:115)
	at org.testng.remote.RemoteTestNG.initAndRun(RemoteTestNG.java:207)
	at org.testng.remote.RemoteTestNG.main(RemoteTestNG.java:178)
]]>
    </failure>
  </testcase> <!-- verifyStudentCanCheckGrades -->
</testsuite> <!-- ask.tests.StudentHomePageTest -->
