<?xml version="1.0" encoding="UTF-8"?>
<!-- Generated by org.testng.reporters.JUnitReportReporter -->
<testsuite hostname="LAPTOP-69PVCUGI" name="ask.tests.AssignQuizTest" tests="1" failures="0" timestamp="21 Mar 2020 01:26:31 GMT" time="35.395" errors="0">
  <testcase name="assignQuizTC" time="35.395" classname="ask.tests.AssignQuizTest"/>
</testsuite> <!-- ask.tests.AssignQuizTest -->
