<?xml version="1.0" encoding="UTF-8"?>
<!-- Generated by org.testng.reporters.JUnitReportReporter -->
<testsuite hostname="LAPTOP-69PVCUGI" name="ask.tests.UsersManagementTests" tests="1" failures="0" timestamp="13 Feb 2020 22:29:31 GMT" time="11.111" errors="0">
  <testcase name="convertStudentToTeacherTest_658" time="11.111" classname="ask.tests.UsersManagementTests"/>
</testsuite> <!-- ask.tests.UsersManagementTests -->
