<?xml version="1.0" encoding="UTF-8"?>
<!-- Generated by org.testng.reporters.JUnitReportReporter -->
<testsuite hostname="LAPTOP-69PVCUGI" name="ask.tests.RegistrationTest" tests="1" failures="0" timestamp="21 Mar 2020 02:46:35 GMT" time="41.619" errors="0">
  <testcase name="setUp" time="41.619" classname="ask.tests.RegistrationTest"/>
</testsuite> <!-- ask.tests.RegistrationTest -->
