<?xml version="1.0" encoding="UTF-8"?>
<!-- Generated by org.testng.reporters.JUnitReportReporter -->
<testsuite hostname="LAPTOP-69PVCUGI" name="ask.tests.GradeTest" tests="1" failures="0" timestamp="28 Mar 2020 20:41:11 GMT" time="20.284" errors="0">
  <testcase name="verifyStudentCanBeGraded" time="20.284" classname="ask.tests.GradeTest"/>
</testsuite> <!-- ask.tests.GradeTest -->
