<?xml version="1.0" encoding="UTF-8"?>
<!-- Generated by org.testng.reporters.JUnitReportReporter -->
<testsuite hostname="LAPTOP-69PVCUGI" name="ask.tests.LoginTest" tests="1" failures="0" timestamp="21 Mar 2020 01:26:31 GMT" time="23.110" errors="0">
  <testcase name="loginAsStudentTC" time="23.110" classname="ask.tests.LoginTest"/>
</testsuite> <!-- ask.tests.LoginTest -->
