<?xml version="1.0" encoding="UTF-8"?>
<!-- Generated by org.testng.reporters.JUnitReportReporter -->
<testsuite hostname="LAPTOP-69PVCUGI" name="ask.tests.AssessmentTest" tests="1" failures="0" timestamp="10 Mar 2020 20:24:35 GMT" time="25.018" errors="0">
  <testcase name="completeAssignment" time="25.018" classname="ask.tests.AssessmentTest"/>
</testsuite> <!-- ask.tests.AssessmentTest -->
