<?xml version="1.0" encoding="UTF-8"?>
<!-- Generated by org.testng.reporters.JUnitReportReporter -->
<testsuite hostname="LAPTOP-69PVCUGI" name="ask.tests.LoginTest" tests="3" failures="0" timestamp="28 Mar 2020 19:51:37 GMT" time="38.967" errors="0">
  <testcase name="loginAsTeacherTC" time="12.901" classname="ask.tests.LoginTest"/>
  <testcase name="loginAsTeacherTC" time="12.665" classname="ask.tests.LoginTest"/>
  <testcase name="loginAsTeacherTC" time="13.401" classname="ask.tests.LoginTest"/>
</testsuite> <!-- ask.tests.LoginTest -->
