<?xml version="1.0" encoding="UTF-8"?>
<!-- Generated by org.testng.reporters.JUnitReportReporter -->
<testsuite hostname="LAPTOP-69PVCUGI" name="ask.tests.ListOfQuizzesTest" tests="1" failures="0" timestamp="26 Feb 2020 21:11:56 GMT" time="14.877" errors="0">
  <testcase name="verifyQuizName" time="14.877" classname="ask.tests.ListOfQuizzesTest"/>
</testsuite> <!-- ask.tests.ListOfQuizzesTest -->
