<?xml version="1.0" encoding="UTF-8"?>
<!-- Generated by org.testng.reporters.JUnitReportReporter -->
<testsuite hostname="LAPTOP-69PVCUGI" name="ask.tests.TeacherHomePageTest" tests="1" failures="0" timestamp="4 Mar 2020 03:04:04 GMT" time="18.839" errors="0">
  <testcase name="verifyListOfQuizzesPageUrl" time="18.839" classname="ask.tests.TeacherHomePageTest"/>
</testsuite> <!-- ask.tests.TeacherHomePageTest -->
