<?xml version="1.0" encoding="UTF-8"?>
<!-- Generated by org.testng.reporters.JUnitReportReporter -->
<testsuite hostname="LAPTOP-69PVCUGI" name="ask.tests.UsersManagementTest" tests="1" failures="0" timestamp="22 Mar 2020 00:14:01 GMT" time="21.105" errors="0">
  <testcase name="verifyUserDisplayed" time="21.105" classname="ask.tests.UsersManagementTest"/>
</testsuite> <!-- ask.tests.UsersManagementTest -->
