<?xml version="1.0" encoding="UTF-8"?>
<!-- Generated by org.testng.reporters.JUnitReportReporter -->
<testsuite hostname="LAPTOP-69PVCUGI" name="ask.tests.AssessmentTest" tests="1" failures="0" timestamp="18 Mar 2020 04:54:32 GMT" time="20.513" errors="0">
  <testcase name="completeAssignment1" time="20.513" classname="ask.tests.AssessmentTest"/>
</testsuite> <!-- ask.tests.AssessmentTest -->
