<?xml version="1.0" encoding="UTF-8"?>
<!-- Generated by org.testng.reporters.JUnitReportReporter -->
<testsuite hostname="LAPTOP-69PVCUGI" name="ask.tests.AssignmentsTest" tests="1" failures="0" timestamp="27 Mar 2020 00:48:37 GMT" time="55.236" errors="0">
  <testcase name="deleteAllAssignments" time="55.236" classname="ask.tests.AssignmentsTest"/>
</testsuite> <!-- ask.tests.AssignmentsTest -->
