<?xml version="1.0" encoding="UTF-8"?>
<!-- Generated by org.testng.reporters.JUnitReportReporter -->
<testsuite hostname="LAPTOP-69PVCUGI" name="ask.tests.RegistrationTest" tests="1" failures="0" timestamp="27 Mar 2020 01:11:13 GMT" time="42.946" errors="0">
  <testcase name="setUp" time="42.946" classname="ask.tests.RegistrationTest"/>
</testsuite> <!-- ask.tests.RegistrationTest -->
