<?xml version="1.0" encoding="UTF-8"?>
<!-- Generated by org.testng.reporters.JUnitReportReporter -->
<testsuite hostname="LAPTOP-69PVCUGI" name="ask.tests.MyGradesTest" tests="1" failures="0" timestamp="27 Mar 2020 19:21:06 GMT" time="13.575" errors="0">
  <testcase name="verifyStudentCanCheckGrades" time="13.575" classname="ask.tests.MyGradesTest"/>
</testsuite> <!-- ask.tests.MyGradesTest -->
