<?xml version="1.0" encoding="UTF-8"?>
<!-- Generated by org.testng.reporters.JUnitReportReporter -->
<testsuite hostname="LAPTOP-69PVCUGI" name="ask.tests.UserDetailsTests" tests="1" failures="0" timestamp="5 Mar 2020 15:05:25 GMT" time="16.192" errors="0">
  <testcase name="convertStudentToTeacherTest_658" time="16.192" classname="ask.tests.UserDetailsTests"/>
</testsuite> <!-- ask.tests.UserDetailsTests -->
