<?xml version="1.0" encoding="UTF-8"?>
<!-- Generated by org.testng.reporters.JUnitReportReporter -->
<testsuite hostname="LAPTOP-69PVCUGI" name="selenium.Xlsx_reader" tests="3" failures="0" timestamp="5 Apr 2020 22:27:00 GMT" time="0.008" errors="0">
  <testcase name="testCase" time="0.000" classname="selenium.Xlsx_reader"/>
  <testcase name="testCase" time="0.001" classname="selenium.Xlsx_reader"/>
  <testcase name="testCase" time="0.007" classname="selenium.Xlsx_reader"/>
</testsuite> <!-- selenium.Xlsx_reader -->
